<?xml version="1.0" encoding="UTF-8"?>
<testsuite name="com.interview.tracking_app.TrackingAppApplicationTests" tests="1" skipped="0" failures="0" errors="0" timestamp="2025-06-13T18:15:30.721Z" hostname="maitri-HP-ProBook-430-G2" time="0.891">
  <properties/>
  <testcase name="contextLoads()" classname="com.interview.tracking_app.TrackingAppApplicationTests" time="0.891"/>
  <system-out><![CDATA[23:45:25.520 [Test worker] INFO org.springframework.test.context.support.AnnotationConfigContextLoaderUtils -- Could not detect default configuration classes for test class [com.interview.tracking_app.TrackingAppApplicationTests]: TrackingAppApplicationTests does not declare any static, non-private, non-final, nested classes annotated with @Configuration.
23:45:25.723 [Test worker] INFO org.springframework.boot.test.context.SpringBootTestContextBootstrapper -- Found @SpringBootConfiguration com.interview.tracking_app.TrackingAppApplication for test class com.interview.tracking_app.TrackingAppApplicationTests

  .   ____          _            __ _ _
 /\\ / ___'_ __ _ _(_)_ __  __ _ \ \ \ \
( ( )\___ | '_ | '_| | '_ \/ _` | \ \ \ \
 \\/  ___)| |_)| | | | | || (_| |  ) ) ) )
  '  |____| .__|_| |_|_| |_\__, | / / / /
 =========|_|==============|___/=/_/_/_/

 :: Spring Boot ::                (v3.5.0)

2025-06-13T23:45:26.450+05:30  INFO 35874 --- [tracking-app] [    Test worker] c.i.t.TrackingAppApplicationTests        : Starting TrackingAppApplicationTests using Java 17.0.10 with PID 35874 (started by maitri in /home/maitri/MANISH/tracking-app-interview)
2025-06-13T23:45:26.453+05:30  INFO 35874 --- [tracking-app] [    Test worker] c.i.t.TrackingAppApplicationTests        : The following 1 profile is active: "prod"
2025-06-13T23:45:27.605+05:30  INFO 35874 --- [tracking-app] [    Test worker] .s.d.r.c.RepositoryConfigurationDelegate : Bootstrapping Spring Data Reactive MongoDB repositories in DEFAULT mode.
2025-06-13T23:45:27.847+05:30  INFO 35874 --- [tracking-app] [    Test worker] .s.d.r.c.RepositoryConfigurationDelegate : Finished Spring Data repository scanning in 229 ms. Found 1 Reactive MongoDB repository interface.
2025-06-13T23:45:28.656+05:30  INFO 35874 --- [tracking-app] [icu.mongodb.net] org.mongodb.driver.cluster               : Adding discovered server ac-qawec4c-shard-00-00.ew3qicu.mongodb.net:27017 to client view of cluster
2025-06-13T23:45:28.694+05:30  INFO 35874 --- [tracking-app] [    Test worker] org.mongodb.driver.client                : MongoClient with metadata {"application": {"name": "mongoCluster"}, "driver": {"name": "mongo-java-driver|reactive-streams|spring-boot", "version": "5.4.0"}, "os": {"type": "Linux", "name": "Linux", "architecture": "amd64", "version": "5.15.0-139-generic"}, "platform": "Java/Oracle Corporation/17.0.10+11-LTS-240"} created with settings MongoClientSettings{readPreference=primary, writeConcern=WriteConcern{w=majority, wTimeout=null ms, journal=null}, retryWrites=true, retryReads=true, readConcern=ReadConcern{level=null}, credential=MongoCredential{mechanism=null, userName='imp86998', source='admin', password=<hidden>, mechanismProperties=<hidden>}, transportSettings=NettyTransportSettings{eventLoopGroup=io.netty.channel.nio.NioEventLoopGroup@427308f8, socketChannelClass=null, allocator=null, sslContext=null}, commandListeners=[], codecRegistry=ProvidersCodecRegistry{codecProviders=[ValueCodecProvider{}, BsonValueCodecProvider{}, DBRefCodecProvider{}, DBObjectCodecProvider{}, DocumentCodecProvider{}, CollectionCodecProvider{}, IterableCodecProvider{}, MapCodecProvider{}, GeoJsonCodecProvider{}, GridFSFileCodecProvider{}, Jsr310CodecProvider{}, JsonObjectCodecProvider{}, BsonCodecProvider{}, EnumCodecProvider{}, com.mongodb.client.model.mql.ExpressionCodecProvider@54247647, com.mongodb.Jep395RecordCodecProvider@4975dda1, com.mongodb.KotlinCodecProvider@e0d1dc4]}, loggerSettings=LoggerSettings{maxDocumentLength=1000}, clusterSettings={hosts=[127.0.0.1:27017], srvHost=mongocluster.ew3qicu.mongodb.net, srvServiceName=mongodb, mode=MULTIPLE, requiredClusterType=REPLICA_SET, requiredReplicaSetName='atlas-48ynsq-shard-0', serverSelector='null', clusterListeners='[]', serverSelectionTimeout='30000 ms', localThreshold='15 ms'}, socketSettings=SocketSettings{connectTimeoutMS=10000, readTimeoutMS=0, receiveBufferSize=0, proxySettings=ProxySettings{host=null, port=null, username=null, password=null}}, heartbeatSocketSettings=SocketSettings{connectTimeoutMS=10000, readTimeoutMS=10000, receiveBufferSize=0, proxySettings=ProxySettings{host=null, port=null, username=null, password=null}}, connectionPoolSettings=ConnectionPoolSettings{maxSize=100, minSize=0, maxWaitTimeMS=120000, maxConnectionLifeTimeMS=0, maxConnectionIdleTimeMS=0, maintenanceInitialDelayMS=0, maintenanceFrequencyMS=60000, connectionPoolListeners=[], maxConnecting=2}, serverSettings=ServerSettings{heartbeatFrequencyMS=10000, minHeartbeatFrequencyMS=500, serverMonitoringMode=AUTO, serverListeners='[]', serverMonitorListeners='[]'}, sslSettings=SslSettings{enabled=true, invalidHostNameAllowed=false, context=null}, applicationName='mongoCluster', compressorList=[], uuidRepresentation=JAVA_LEGACY, serverApi=null, autoEncryptionSettings=null, dnsClient=null, inetAddressResolver=null, contextProvider=null, timeoutMS=null}
2025-06-13T23:45:28.705+05:30  INFO 35874 --- [tracking-app] [icu.mongodb.net] org.mongodb.driver.cluster               : Adding discovered server ac-qawec4c-shard-00-02.ew3qicu.mongodb.net:27017 to client view of cluster
2025-06-13T23:45:28.714+05:30  INFO 35874 --- [tracking-app] [icu.mongodb.net] org.mongodb.driver.cluster               : Adding discovered server ac-qawec4c-shard-00-01.ew3qicu.mongodb.net:27017 to client view of cluster
2025-06-13T23:45:28.846+05:30  WARN 35874 --- [tracking-app] [    Test worker] o.s.data.convert.CustomConversions       : Registering converter from interface java.util.List to interface org.springframework.data.domain.Vector as reading converter although it doesn't convert from a store-supported type; You might want to check your annotation setup at the converter implementation
2025-06-13T23:45:28.999+05:30  WARN 35874 --- [tracking-app] [    Test worker] o.s.data.convert.CustomConversions       : Registering converter from interface java.util.List to interface org.springframework.data.domain.Vector as reading converter although it doesn't convert from a store-supported type; You might want to check your annotation setup at the converter implementation
2025-06-13T23:45:29.245+05:30  INFO 35874 --- [tracking-app] [    Test worker] org.mongodb.driver.cluster               : Waiting for server to become available for operation with ID 5. Remaining time: 29983 ms. Selector: WritableServerSelector, topology description: {type=REPLICA_SET, servers=[{address=ac-qawec4c-shard-00-01.ew3qicu.mongodb.net:27017, type=UNKNOWN, state=CONNECTING}, {address=ac-qawec4c-shard-00-00.ew3qicu.mongodb.net:27017, type=UNKNOWN, state=CONNECTING}, {address=ac-qawec4c-shard-00-02.ew3qicu.mongodb.net:27017, type=UNKNOWN, state=CONNECTING}].
2025-06-13T23:45:29.717+05:30  INFO 35874 --- [tracking-app] [ngodb.net:27017] org.mongodb.driver.cluster               : Monitor thread successfully connected to server with description ServerDescription{address=ac-qawec4c-shard-00-01.ew3qicu.mongodb.net:27017, type=REPLICA_SET_SECONDARY, cryptd=false, state=CONNECTED, ok=true, minWireVersion=0, maxWireVersion=25, maxDocumentSize=16777216, logicalSessionTimeoutMinutes=30, roundTripTimeNanos=476876301, minRoundTripTimeNanos=0, setName='atlas-48ynsq-shard-0', canonicalAddress=ac-qawec4c-shard-00-01.ew3qicu.mongodb.net:27017, hosts=[ac-qawec4c-shard-00-00.ew3qicu.mongodb.net:27017, ac-qawec4c-shard-00-01.ew3qicu.mongodb.net:27017, ac-qawec4c-shard-00-02.ew3qicu.mongodb.net:27017], passives=[], arbiters=[], primary='ac-qawec4c-shard-00-02.ew3qicu.mongodb.net:27017', tagSet=TagSet{[Tag{name='availabilityZone', value='aps1-az3'}, Tag{name='diskState', value='READY'}, Tag{name='nodeType', value='ELECTABLE'}, Tag{name='provider', value='AWS'}, Tag{name='region', value='AP_SOUTH_1'}, Tag{name='workloadType', value='OPERATIONAL'}]}, electionId=null, setVersion=329, topologyVersion=TopologyVersion{processId=684aec6827c61080a756b96c, counter=3}, lastWriteDate=Fri Jun 13 23:45:29 IST 2025, lastUpdateTimeNanos=5312099904258}
2025-06-13T23:45:29.718+05:30  INFO 35874 --- [tracking-app] [ngodb.net:27017] org.mongodb.driver.cluster               : Monitor thread successfully connected to server with description ServerDescription{address=ac-qawec4c-shard-00-00.ew3qicu.mongodb.net:27017, type=REPLICA_SET_SECONDARY, cryptd=false, state=CONNECTED, ok=true, minWireVersion=0, maxWireVersion=25, maxDocumentSize=16777216, logicalSessionTimeoutMinutes=30, roundTripTimeNanos=469617140, minRoundTripTimeNanos=0, setName='atlas-48ynsq-shard-0', canonicalAddress=ac-qawec4c-shard-00-00.ew3qicu.mongodb.net:27017, hosts=[ac-qawec4c-shard-00-00.ew3qicu.mongodb.net:27017, ac-qawec4c-shard-00-01.ew3qicu.mongodb.net:27017, ac-qawec4c-shard-00-02.ew3qicu.mongodb.net:27017], passives=[], arbiters=[], primary='ac-qawec4c-shard-00-02.ew3qicu.mongodb.net:27017', tagSet=TagSet{[Tag{name='availabilityZone', value='aps1-az1'}, Tag{name='diskState', value='READY'}, Tag{name='nodeType', value='ELECTABLE'}, Tag{name='provider', value='AWS'}, Tag{name='region', value='AP_SOUTH_1'}, Tag{name='workloadType', value='OPERATIONAL'}]}, electionId=null, setVersion=329, topologyVersion=TopologyVersion{processId=684aebe6cf4717bed774f1f6, counter=4}, lastWriteDate=Fri Jun 13 23:45:29 IST 2025, lastUpdateTimeNanos=5312091670003}
2025-06-13T23:45:29.718+05:30  INFO 35874 --- [tracking-app] [ngodb.net:27017] org.mongodb.driver.cluster               : Monitor thread successfully connected to server with description ServerDescription{address=ac-qawec4c-shard-00-02.ew3qicu.mongodb.net:27017, type=REPLICA_SET_PRIMARY, cryptd=false, state=CONNECTED, ok=true, minWireVersion=0, maxWireVersion=25, maxDocumentSize=16777216, logicalSessionTimeoutMinutes=30, roundTripTimeNanos=476448231, minRoundTripTimeNanos=0, setName='atlas-48ynsq-shard-0', canonicalAddress=ac-qawec4c-shard-00-02.ew3qicu.mongodb.net:27017, hosts=[ac-qawec4c-shard-00-00.ew3qicu.mongodb.net:27017, ac-qawec4c-shard-00-01.ew3qicu.mongodb.net:27017, ac-qawec4c-shard-00-02.ew3qicu.mongodb.net:27017], passives=[], arbiters=[], primary='ac-qawec4c-shard-00-02.ew3qicu.mongodb.net:27017', tagSet=TagSet{[Tag{name='availabilityZone', value='aps1-az2'}, Tag{name='diskState', value='READY'}, Tag{name='nodeType', value='ELECTABLE'}, Tag{name='provider', value='AWS'}, Tag{name='region', value='AP_SOUTH_1'}, Tag{name='workloadType', value='OPERATIONAL'}]}, electionId=7fffffff000000000000011c, setVersion=329, topologyVersion=TopologyVersion{processId=684aec279931ab1931958829, counter=6}, lastWriteDate=Fri Jun 13 23:45:29 IST 2025, lastUpdateTimeNanos=5312098724916}
2025-06-13T23:45:29.737+05:30  INFO 35874 --- [tracking-app] [ngodb.net:27017] org.mongodb.driver.cluster               : Discovered replica set primary ac-qawec4c-shard-00-02.ew3qicu.mongodb.net:27017 with max election id 7fffffff000000000000011c and max set version 329
2025-06-13T23:45:30.714+05:30  INFO 35874 --- [tracking-app] [    Test worker] c.i.t.TrackingAppApplicationTests        : Started TrackingAppApplicationTests in 4.719 seconds (process running for 6.576)
]]></system-out>
  <system-err><![CDATA[]]></system-err>
</testsuite>
